Unity Editor version:    2022.2.12f1 (022dac4955a3)
Branch:                  2022.2/staging
Build type:              Release
Batch mode:              YES
macOS version:           Version 13.2.1 (Build 22D68)
Darwin version:          22.3.0
Architecture:            arm64
Running under Rosetta:   NO
Available memory:        16384 MB
Using pre-set license
Pro License: YES

COMMAND LINE ARGUMENTS:
/Applications/Unity/Hub/Editor/2022.2.12f1/Unity.app/Contents/MacOS/Unity
-adb2
-batchMode
-noUpm
-name
AssetImportWorker1
-projectPath
/Users/nauman/Work/github/me/unity-scape-poc
-logFile
Logs/AssetImportWorker1.log
-srvPort
64417
Successfully changed project path to: /Users/nauman/Work/github/me/unity-scape-poc
/Users/nauman/Work/github/me/unity-scape-poc
[UnityMemory] Configuration Parameters - Can be set up in boot.config
    "memorysetup-bucket-allocator-granularity=16"
    "memorysetup-bucket-allocator-bucket-count=8"
    "memorysetup-bucket-allocator-block-size=33554432"
    "memorysetup-bucket-allocator-block-count=8"
    "memorysetup-main-allocator-block-size=16777216"
    "memorysetup-thread-allocator-block-size=16777216"
    "memorysetup-gfx-main-allocator-block-size=16777216"
    "memorysetup-gfx-thread-allocator-block-size=16777216"
    "memorysetup-cache-allocator-block-size=4194304"
    "memorysetup-typetree-allocator-block-size=2097152"
    "memorysetup-profiler-bucket-allocator-granularity=16"
    "memorysetup-profiler-bucket-allocator-bucket-count=8"
    "memorysetup-profiler-bucket-allocator-block-size=33554432"
    "memorysetup-profiler-bucket-allocator-block-count=8"
    "memorysetup-profiler-allocator-block-size=16777216"
    "memorysetup-profiler-editor-allocator-block-size=1048576"
    "memorysetup-temp-allocator-size-main=16777216"
    "memorysetup-job-temp-allocator-block-size=2097152"
    "memorysetup-job-temp-allocator-block-size-background=1048576"
    "memorysetup-job-temp-allocator-reduction-small-platforms=262144"
    "memorysetup-temp-allocator-size-background-worker=32768"
    "memorysetup-temp-allocator-size-job-worker=262144"
    "memorysetup-temp-allocator-size-preload-manager=33554432"
    "memorysetup-temp-allocator-size-nav-mesh-worker=65536"
    "memorysetup-temp-allocator-size-audio-worker=65536"
    "memorysetup-temp-allocator-size-cloud-worker=32768"
    "memorysetup-temp-allocator-size-gi-baking-worker=262144"
    "memorysetup-temp-allocator-size-gfx=262144"
Player connection [8284717376] Host "[IP] 192.168.86.221 [Port] 0 [Flags] 2 [Guid] 246492574 [EditorId] 246492574 [Version] 1048832 [Id] OSXEditor(0,MBP-Nauman.local) [Debug] 1 [PackageName] OSXEditor [ProjectName] Editor" joined multi-casting on [225.0.0.222:54997]...

Player connection [8284717376] Host "[IP] 192.168.86.221 [Port] 0 [Flags] 2 [Guid] 246492574 [EditorId] 246492574 [Version] 1048832 [Id] OSXEditor(0,MBP-Nauman.local) [Debug] 1 [PackageName] OSXEditor [ProjectName] Editor" joined alternative multi-casting on [225.0.0.222:34997]...

Cannot set VR devices because the platform passed isn't supported by Unity.
Cannot set VR devices because the platform passed isn't supported by Unity.
Cannot set VR devices because the platform passed isn't supported by Unity.
Cannot set VR devices because the platform passed isn't supported by Unity.
Cannot set VR devices because the platform passed isn't supported by Unity.
Cannot set VR devices because the platform passed isn't supported by Unity.
Cannot set VR devices because the platform passed isn't supported by Unity.
Cannot set VR devices because the platform passed isn't supported by Unity.
Cannot set VR devices because the platform passed isn't supported by Unity.
Cannot set VR devices because the platform passed isn't supported by Unity.
Cannot set VR devices because the platform passed isn't supported by Unity.
Refreshing native plugins compatible for Editor in 15.41 ms, found 2 plugins.
Preloading 0 native plugins for Editor in 0.00 ms.
Initialize engine version: 2022.2.12f1 (022dac4955a3)
[Subsystems] Discovering subsystems at path /Applications/Unity/Hub/Editor/2022.2.12f1/Unity.app/Contents/Resources/UnitySubsystems
[Subsystems] Discovering subsystems at path /Users/nauman/Work/github/me/unity-scape-poc/Assets
GfxDevice: creating device client; threaded=0; jobified=0
 preferred device: Apple M1 Pro (high power)
Metal devices available: 1
0: Apple M1 Pro (high power)
Using device Apple M1 Pro (high power)
Initializing Metal device caps: Apple M1 Pro
Initialize mono
Mono path[0] = '/Applications/Unity/Hub/Editor/2022.2.12f1/Unity.app/Contents/Managed'
Mono path[1] = '/Applications/Unity/Hub/Editor/2022.2.12f1/Unity.app/Contents/MonoBleedingEdge/lib/mono/unityjit-macos'
Mono config path = '/Applications/Unity/Hub/Editor/2022.2.12f1/Unity.app/Contents/MonoBleedingEdge/etc'
Using monoOptions --debugger-agent=transport=dt_socket,embedding=1,server=y,suspend=n,address=127.0.0.1:56049
Begin MonoManager ReloadAssembly
Registering precompiled unity dll's ...
Register platform support module: /Applications/Unity/Hub/Editor/2022.2.12f1/PlaybackEngines/WebGLSupport/UnityEditor.WebGL.Extensions.dll
Register platform support module: /Applications/Unity/Hub/Editor/2022.2.12f1/Unity.app/Contents/PlaybackEngines/MacStandaloneSupport/UnityEditor.OSXStandalone.Extensions.dll
Registered in 0.003761 seconds.
- Loaded All Assemblies, in  0.233 seconds
Native extension for OSXStandalone target not found
Native extension for WebGL target not found
Mono: successfully reloaded assembly
- Finished resetting the current domain, in  0.157 seconds
Domain Reload Profiling:
	ReloadAssembly (145ms)
		BeginReloadAssembly (77ms)
			ExecutionOrderSort (0ms)
			DisableScriptedObjects (0ms)
			BackupInstance (0ms)
			ReleaseScriptingObjects (0ms)
			CreateAndSetChildDomain (1ms)
		LoadAllAssembliesAndSetupDomain (0ms)
			LoadAssemblies (77ms)
			RebuildTransferFunctionScriptingTraits (0ms)
			SetupTypeCache (86ms)
				TypeCache.Initialize (85ms)
					TypeCache.ScanAssembly (84ms)
				ResolveRequiredComponents (0ms)
		FinalizeReload (0ms)
			ReleaseScriptCaches (0ms)
			RebuildScriptCaches (0ms)
			SetupLoadedEditorAssemblies (119ms)
				LogAssemblyErrors (0ms)
				InitializePlatformSupportModulesInManaged (4ms)
				SetLoadedEditorAssemblies (4ms)
				RefreshPlugins (0ms)
				BeforeProcessingInitializeOnLoad (1ms)
				ProcessInitializeOnLoadAttributes (84ms)
				ProcessInitializeOnLoadMethodAttributes (26ms)
				AfterProcessingInitializeOnLoad (0ms)
				EditorAssembliesLoaded (0ms)
			ExecutionOrderSort2 (0ms)
			AwakeInstancesAfterBackupRestoration (0ms)
========================================================================
Worker process is ready to serve import requests
Begin MonoManager ReloadAssembly
- Loaded All Assemblies, in  0.469 seconds
Refreshing native plugins compatible for Editor in 3.16 ms, found 2 plugins.
Native extension for OSXStandalone target not found
Native extension for WebGL target not found
Mono: successfully reloaded assembly
- Finished resetting the current domain, in  0.588 seconds
Domain Reload Profiling:
	ReloadAssembly (121ms)
		BeginReloadAssembly (67ms)
			ExecutionOrderSort (0ms)
			DisableScriptedObjects (3ms)
			BackupInstance (0ms)
			ReleaseScriptingObjects (0ms)
			CreateAndSetChildDomain (15ms)
		LoadAllAssembliesAndSetupDomain (350ms)
			LoadAssemblies (224ms)
			RebuildTransferFunctionScriptingTraits (0ms)
			SetupTypeCache (149ms)
				TypeCache.Initialize (137ms)
					TypeCache.ScanAssembly (135ms)
				ResolveRequiredComponents (2ms)
		FinalizeReload (0ms)
			ReleaseScriptCaches (0ms)
			RebuildScriptCaches (0ms)
			SetupLoadedEditorAssemblies (496ms)
				LogAssemblyErrors (0ms)
				InitializePlatformSupportModulesInManaged (3ms)
				SetLoadedEditorAssemblies (2ms)
				RefreshPlugins (0ms)
				BeforeProcessingInitializeOnLoad (29ms)
				ProcessInitializeOnLoadAttributes (356ms)
				ProcessInitializeOnLoadMethodAttributes (105ms)
				AfterProcessingInitializeOnLoad (1ms)
				EditorAssembliesLoaded (0ms)
			ExecutionOrderSort2 (0ms)
			AwakeInstancesAfterBackupRestoration (3ms)
Cannot set VR devices because the platform passed isn't supported by Unity.
Cannot set VR devices because the platform passed isn't supported by Unity.
Cannot set VR devices because the platform passed isn't supported by Unity.
Cannot set VR devices because the platform passed isn't supported by Unity.
Cannot set VR devices because the platform passed isn't supported by Unity.
Cannot set VR devices because the platform passed isn't supported by Unity.
Cannot set VR devices because the platform passed isn't supported by Unity.
Cannot set VR devices because the platform passed isn't supported by Unity.
Cannot set VR devices because the platform passed isn't supported by Unity.
Cannot set VR devices because the platform passed isn't supported by Unity.
Cannot set VR devices because the platform passed isn't supported by Unity.
Launching external process: /Applications/Unity/Hub/Editor/2022.2.12f1/Unity.app/Contents/Tools/UnityShaderCompiler
Launched and connected shader compiler UnityShaderCompiler after 0.05 seconds
Refreshing native plugins compatible for Editor in 2.75 ms, found 2 plugins.
Preloading 0 native plugins for Editor in 0.00 ms.
Unloading 2468 Unused Serialized files (Serialized files now loaded: 0)
Unloading 73 unused Assets / (70.1 KB). Loaded Objects now: 2910.
Memory consumption went from 101.6 MB to 101.5 MB.
Total: 5.711625 ms (FindLiveObjects: 0.101916 ms CreateObjectMapping: 0.028125 ms MarkObjects: 5.465709 ms  DeleteObjects: 0.115250 ms)

AssetImportParameters requested are different than current active one (requested -> active):
  custom:video-decoder-webm-vp8: 9c59270c3fd7afecdb556c50c9e8de78 -> 
  custom:scripting/monoscript/fileName/EnumUtilities.cs: 5a21a105f58880df6c87f84e99142f1e -> 
  custom:scripting/monoscript/fileName/INativeBanner.cs: f02486938cf8a3fab600d2aa93479dc5 -> 
  custom:scripting/monoscript/fileName/AssemblyInfoUtilities.cs: cfb54d5f8c64068dbe110183f4c779cf -> 
  custom:scripting/monoscript/fileName/IPlatform.cs: 7797606926422d17a325876f68b039f5 -> 
  custom:scripting/monoscript/fileName/UiUtils.cs: 92a38366a2a31d6040f0b68e2f09cfff -> 
  custom:scripting/monoscript/fileName/AndroidInitializationListener.cs: 0a66013131439da8021bc2252fd2fb9d -> 
  custom:container-demuxer-ogg: 62fdf1f143b41e24485cea50d1cbac27 -> 
  custom:scripting/monoscript/fileName/UnsupportedPlatform.cs: 70647992ba3772ae90af74a2f80bfe61 -> 
  custom:AudioImporter_EditorPlatform: 3918e3fc78b5a79bad01e8451be0beb8 -> 
  custom:scripting/monoscript/fileName/MetaData.cs: fcc2240d7f5939e317ba5f73924a62b0 -> 
  custom:scripting/monoscript/fileName/SkAdNetworkJsonParser.cs: 2e9a76db394ac72bcb5c1cb07b5a3eb5 -> 
  custom:scripting/monoscript/fileName/Advertisement.cs: 1aaf8094c25f08d67034b74a01cbe2c4 -> 
  custom:scripting/monoscript/fileName/Banner.cs: 3e272af97a50c7297b83c105075660c2 -> 
  custom:scripting/monoscript/fileName/MiniJSON.cs: 9dd9bd3ab85495126c7877887d3a0b4e -> 9a756635ba857311c4cad4daf90aa118
  custom:scripting/monoscript/fileName/UnityAdsShowListenerMainDispatch.cs: 1e941d5a53efb3e56adb8cf815abf8d2 -> 
  custom:scripting/monoscript/fileName/FinishEventArgs.cs: 9c3653493570649906809987784b185d -> 
  custom:scripting/monoscript/fileName/IBanner.cs: a4dd9caf870f19a68f872dad8602e5bd -> 
  custom:video-decoder-ogg-theora: a1e56fd34408186e4bbccfd4996cb3dc -> 
  custom:scripting/monoscript/fileName/ShowOptions.cs: 907853a0b23687a252768e983401a2b4 -> 
  custom:scripting/monoscript/fileName/SkAdNetworkXmlParser.cs: c4d791522d8060bb36e3ca53a1e3c472 -> 
  custom:scripting/monoscript/fileName/SkAdNetworkLocalSourceProvider.cs: cf168d41ae0339006b9d3e85924e1e18 -> 
  custom:scripting/monoscript/fileName/Placeholder.cs: dc7dc49fb88e9c6a01026b714c085c4e -> 
  custom:scripting/monoscript/fileName/ISkAdNetworkParser.cs: 00a2f1799285403c715675afc483a338 -> 
  custom:scripting/monoscript/fileName/StartEventArgs.cs: 488334481efcd4238c3d93437d51344f -> 
  custom:scripting/monoscript/fileName/IUnityLifecycleManager.cs: dc09e18ba7720d75ad974331d1cc46bb -> 
  custom:scripting/monoscript/fileName/GameIdsUi.cs: 7f9de94899f7caa856844cd5dd6bebbb -> 
  custom:scripting/monoscript/fileName/BannerPlaceholder.cs: 47bbd045968b4accb04a83cb1c004944 -> 
  custom:scripting/monoscript/fileName/PluginUtils.cs: 622cad900c32a75eb031e24b63abb3d9 -> 
  custom:scripting/monoscript/fileName/BannerOptions.cs: b20fb271839b57a288ec71ce73eb696b -> 
  custom:framework-osx-AVFoundation: e770b220cccbd017edd2c1fefb359320 -> 
  custom:scripting/monoscript/fileName/SkAdNetworkRemoteSource.cs: 4ce6c78ada45cdbd9845161fe5b527d6 -> 
  custom:scripting/monoscript/fileName/AdsServiceEnabler.cs: 302965511998f922cc7771b61e27c203 -> 
  custom:scripting/monoscript/fileName/AdsSettingsProvider.cs: a37b7e055955eb28e22d58c92545d483 -> 
  custom:video-encoder-webm-vp8: eb34c28f22e8b96e1ab97ce403110664 -> 
  custom:scripting/monoscript/fileName/AdsServiceIdentifier.cs: a0c2b0ec1b0e22d4822c4f9daff3c51d -> 
  custom:scripting/monoscript/fileName/GettingStartedUi.cs: df3891749d02f246e39cc01e02e45428 -> 
  custom:scripting/monoscript/fileName/Color.cs: 052bd00c2f811370ae18ff5c84d60ae7 -> 
  custom:audio-decoder-ogg-vorbis: bf7c407c2cedff20999df2af8eb42d56 -> 
  custom:scripting/monoscript/fileName/AdsService.cs: a80fe44f6bb90ae25095abab21494c0c -> 
  custom:scripting/monoscript/fileName/AdsDashboardUrls.cs: 639222f61a8da5d8eabec0179d12155f -> 
  custom:scripting/monoscript/fileName/BannerLoadOptions.cs: 5ef109474c2f91ce9db9f6dca15b8a50 -> 
  custom:scripting/monoscript/fileName/UnityAdsInitializationListenerMainDispatch.cs: 114773e7dc48b88138ce9f5404f3c39c -> 
  custom:scripting/monoscript/fileName/AndroidLoadListener.cs: f9da6dba1ab0cee865b8bfe528cfa243 -> 
  custom:scripting/monoscript/fileName/IUnityAdsShowListener.cs: cf15f2e00edeff86a072dc96142e6ae8 -> 
  custom:scripting/monoscript/fileName/UnityLifecycleManager.cs: 778ea64b784342f7bc6183d9ebd03d04 -> 
  custom:scripting/monoscript/fileName/IUnityAdsLoadListener.cs: 50e8b68160e2f2538886aa4b7b61a0f8 -> 
  custom:scripting/monoscript/fileName/RequestGameIds.cs: 1770056b730c30e9eb20371967cc7d54 -> 
  custom:scripting/monoscript/fileName/Configuration.cs: cc24c747281f83544d6532b3b619e82e -> 
  custom:scripting/monoscript/fileName/AdsLegacyToMediationPopup.cs: 5f7f0ffc6f9fd389bdc0a71db01a99a4 -> 
  custom:scripting/monoscript/fileName/SkAdNetworkUrlParser.cs: d0c2ddc879b9c58053ead5206b8fd2ee -> 
  custom:scripting/monoscript/fileName/SkAdNetworkParser.cs: 63ea983e03422b5744f7d5ef87e509db -> 
  custom:scripting/monoscript/fileName/Platform.cs: da80c80ab243bb84b0ec9b692f173112 -> 
  custom:scripting/monoscript/fileName/SkAdNetworkLocalSource.cs: 24e2e363b7d610ab03d61705aa54cdc1 -> 
  custom:container-demuxer-webm: 4f35f7cbe854078d1ac9338744f61a02 -> 
  custom:scripting/monoscript/fileName/EditorTimer.cs: 481d241555bb2caea52276bc80c44dd0 -> 
  custom:scripting/monoscript/fileName/EditorBanner.cs: da89a45a10ffa6b32542b8936dea6fa7 -> 
  custom:scripting/monoscript/fileName/AndroidShowListener.cs: 68f60435133353c463fd4ba8612cd1d3 -> 
  custom:scripting/monoscript/fileName/BannerBundle.cs: c2862d54b4d7ad6a7c329caf69f74522 -> 
  custom:scripting/monoscript/fileName/INativePlatform.cs: 5877a011f50d2e3fb2124ddc38d59367 -> 
  custom:scripting/monoscript/fileName/UiConstants.cs: d033ded79bf016572865d25f033a7fc7 -> 
  custom:audio-encoder-webm-vorbis: bf7c407c2cedff20999df2af8eb42d56 -> 
  custom:scripting/monoscript/fileName/AdsServiceTopMenu.cs: 4259d1e69413eee1dc15f63471a1123f -> 
  custom:scripting/monoscript/fileName/EditorPlatform.cs: ebfc104a013cfcf421039da869bd9a12 -> 
  custom:scripting/monoscript/fileName/IUnityAdsInitializationListener.cs: f10a0c5171fd22d7c1e94f51b88aef68 -> 
  custom:scripting/monoscript/fileName/ApplicationQuit.cs: 693ef360f7cfde012ac34e2d78cc00f0 -> 
  custom:scripting/monoscript/fileName/CoroutineExecutor.cs: 81b7e05520d351a5d800b16cdb1a8670 -> 
  custom:scripting/monoscript/fileName/EditorGameServiceAnalyticsSender.cs: 7d3647bed1aa704685b5f6bdac30c970 -> 8bf60872ac2cc5d469b63c20e25f0d58
  custom:scripting/monoscript/fileName/SkAdNetworkFileExtension.cs: ce0d5a10118b6d2ddbd380ff99aa16e0 -> 
  custom:scripting/monoscript/fileName/UnityAdsLoadListenerMainDispatch.cs: 31f1282b5052137ed3fa7eabb52b9550 -> 
  custom:container-muxer-webm: aa71ff27fc2769a1b78a27578f13a17b -> 
  custom:scripting/monoscript/fileName/UnsupportedBanner.cs: 94092f492f62a479f89db73a4d75dfe6 -> 
  custom:scripting/monoscript/fileName/ISkAdNetworkSource.cs: 2edbde09d15b4fc45971df135bdab360 -> 
========================================================================
Received Import Request.
  Time since last request: 10904.281832 seconds.
  path: Assets/Editor
  artifactKey: Guid(f5fa7899e6ac2c54ebae735937715e92) Importer(815301076,1909f56bfc062723c751e8b465ee728b)
Start importing Assets/Editor using Guid(f5fa7899e6ac2c54ebae735937715e92) Importer(815301076,1909f56bfc062723c751e8b465ee728b)  -> (artifact id: 'ee75d9ba590f3a025715219a577743f3') in 0.001315 seconds 
Number of updated asset objects reloaded before import = 0
Number of asset objects unloaded after import = 0
========================================================================
Received Import Request.
  Time since last request: 15.984622 seconds.
  path: Assets/textures/circledot.png
  artifactKey: Guid(c22d33dd4d6c7fc4191f44920771886e) Importer(815301076,1909f56bfc062723c751e8b465ee728b)
Start importing Assets/textures/circledot.png using Guid(c22d33dd4d6c7fc4191f44920771886e) Importer(815301076,1909f56bfc062723c751e8b465ee728b)  -> (artifact id: 'eb6d9287bd7b6d53bcf5ab4f313445ef') in 0.097829 seconds 
Number of updated asset objects reloaded before import = 0
Number of asset objects unloaded after import = 2
========================================================================
Received Import Request.
  Time since last request: 0.000090 seconds.
  path: Assets/textures/tex-rock-height.jpg
  artifactKey: Guid(22582157ef537484388901b14c1285a5) Importer(815301076,1909f56bfc062723c751e8b465ee728b)
Start importing Assets/textures/tex-rock-height.jpg using Guid(22582157ef537484388901b14c1285a5) Importer(815301076,1909f56bfc062723c751e8b465ee728b)  -> (artifact id: '58ed57e14d35c01febd25aba65d6f85d') in 0.004808 seconds 
Number of updated asset objects reloaded before import = 0
Number of asset objects unloaded after import = 2
========================================================================
Received Import Request.
  Time since last request: 0.000058 seconds.
  path: Assets/textures/tex-grass1.jpg
  artifactKey: Guid(c85f46d16481d214e84d56bafdc0f3c4) Importer(815301076,1909f56bfc062723c751e8b465ee728b)
Start importing Assets/textures/tex-grass1.jpg using Guid(c85f46d16481d214e84d56bafdc0f3c4) Importer(815301076,1909f56bfc062723c751e8b465ee728b)  -> (artifact id: '735752a12fa0b0bb41a8d955aeca4a95') in 0.004441 seconds 
Number of updated asset objects reloaded before import = 0
Number of asset objects unloaded after import = 2
========================================================================
Received Import Request.
  Time since last request: 0.000062 seconds.
  path: Assets/textures/tex-bumpy-green1.jpg
  artifactKey: Guid(781fe3f4bb9a65d4e903e18f2bd17493) Importer(815301076,1909f56bfc062723c751e8b465ee728b)
Start importing Assets/textures/tex-bumpy-green1.jpg using Guid(781fe3f4bb9a65d4e903e18f2bd17493) Importer(815301076,1909f56bfc062723c751e8b465ee728b)  -> (artifact id: '63f3899efc387e4feb6b3b002ab3dc75') in 0.019912 seconds 
Number of updated asset objects reloaded before import = 0
Number of asset objects unloaded after import = 2
========================================================================
Received Import Request.
  Time since last request: 0.000585 seconds.
  path: Assets/textures/tex-grass2-regular.png
  artifactKey: Guid(50b00a4d92910f54ea8c7f10a1d3d80e) Importer(815301076,1909f56bfc062723c751e8b465ee728b)
Start importing Assets/textures/tex-grass2-regular.png using Guid(50b00a4d92910f54ea8c7f10a1d3d80e) Importer(815301076,1909f56bfc062723c751e8b465ee728b)  -> (artifact id: '8f07dde31d9372bd3e8b14aa18265594') in 0.006557 seconds 
Number of updated asset objects reloaded before import = 0
Number of asset objects unloaded after import = 2
========================================================================
Received Import Request.
  Time since last request: 0.000218 seconds.
  path: Assets/textures/wheel-x-1.png
  artifactKey: Guid(44760f818b922254dbcff87f2d9fc465) Importer(815301076,1909f56bfc062723c751e8b465ee728b)
Start importing Assets/textures/wheel-x-1.png using Guid(44760f818b922254dbcff87f2d9fc465) Importer(815301076,1909f56bfc062723c751e8b465ee728b)  -> (artifact id: '6a041db8aea885e44f01e5178b22b94e') in 0.004037 seconds 
Number of updated asset objects reloaded before import = 0
Number of asset objects unloaded after import = 2
========================================================================
Received Import Request.
  Time since last request: 0.001997 seconds.
  path: Assets/textures/tex-grass2.jpg
  artifactKey: Guid(832d13ead1af41e4ab57142764293c94) Importer(815301076,1909f56bfc062723c751e8b465ee728b)
Start importing Assets/textures/tex-grass2.jpg using Guid(832d13ead1af41e4ab57142764293c94) Importer(815301076,1909f56bfc062723c751e8b465ee728b)  -> (artifact id: '65f80c97aba59244f34c9447391786c0') in 0.003546 seconds 
Number of updated asset objects reloaded before import = 0
Number of asset objects unloaded after import = 2
========================================================================
Received Import Request.
  Time since last request: 0.000048 seconds.
  path: Assets/textures/circledot_white.png
  artifactKey: Guid(63c9bb404a1ab9349886b599db710e1d) Importer(815301076,1909f56bfc062723c751e8b465ee728b)
Start importing Assets/textures/circledot_white.png using Guid(63c9bb404a1ab9349886b599db710e1d) Importer(815301076,1909f56bfc062723c751e8b465ee728b)  -> (artifact id: '07c154dd9572c7e19b0b64e07bf3ad97') in 0.003569 seconds 
Number of updated asset objects reloaded before import = 0
Number of asset objects unloaded after import = 2
========================================================================
Received Import Request.
  Time since last request: 0.000162 seconds.
  path: Assets/textures/tex-grass3.jpg
  artifactKey: Guid(de150cb1a39feae4f883ec8ec1093fe8) Importer(815301076,1909f56bfc062723c751e8b465ee728b)
Start importing Assets/textures/tex-grass3.jpg using Guid(de150cb1a39feae4f883ec8ec1093fe8) Importer(815301076,1909f56bfc062723c751e8b465ee728b)  -> (artifact id: 'd5bbb9ec9186f2ff2eee73401f81e8d1') in 0.005823 seconds 
Number of updated asset objects reloaded before import = 0
Number of asset objects unloaded after import = 2
========================================================================
Received Import Request.
  Time since last request: 0.000367 seconds.
  path: Assets/textures/tex-grass4.jpg
  artifactKey: Guid(1580c09bac193d148bfe1b17a4679771) Importer(815301076,1909f56bfc062723c751e8b465ee728b)
Start importing Assets/textures/tex-grass4.jpg using Guid(1580c09bac193d148bfe1b17a4679771) Importer(815301076,1909f56bfc062723c751e8b465ee728b)  -> (artifact id: 'e1baf67e06457045b25c33ec06610535') in 0.004646 seconds 
Number of updated asset objects reloaded before import = 0
Number of asset objects unloaded after import = 2
========================================================================
Received Import Request.
  Time since last request: 0.000077 seconds.
  path: Assets/textures/circledot_white_lg.png
  artifactKey: Guid(d70ae423eae2adf4b87850a4bb80b2c3) Importer(815301076,1909f56bfc062723c751e8b465ee728b)
Start importing Assets/textures/circledot_white_lg.png using Guid(d70ae423eae2adf4b87850a4bb80b2c3) Importer(815301076,1909f56bfc062723c751e8b465ee728b)  -> (artifact id: '8b5e95cd084d003dcc5571f17a4b6065') in 0.004874 seconds 
Number of updated asset objects reloaded before import = 0
Number of asset objects unloaded after import = 2
========================================================================
Received Import Request.
  Time since last request: 0.000074 seconds.
  path: Assets/textures/particle-smoke1.png
  artifactKey: Guid(e8f6d57631074814a905d814bb459f0b) Importer(815301076,1909f56bfc062723c751e8b465ee728b)
Start importing Assets/textures/particle-smoke1.png using Guid(e8f6d57631074814a905d814bb459f0b) Importer(815301076,1909f56bfc062723c751e8b465ee728b)  -> (artifact id: '76de583315c2eb2c7493c2fb8ff28ffc') in 0.004021 seconds 
Number of updated asset objects reloaded before import = 0
Number of asset objects unloaded after import = 2
